<?xml version="1.0" encoding="UTF-8"?>
<!-- Generated by org.testng.reporters.JUnitXMLReporter -->
<testsuite ignored="0" hostname="DESKTOP-8EHPQI9" failures="0" tests="3" name="Default test" time="0.263" errors="0" timestamp="2022-07-30T09:37:40 IST">
  <testcase classname="zerodhaTest.TestClass" name="@BeforeTest launchBrowser" time="-1.65915405968E9">
    <failure type="org.testng.TestNGException" message="
Parameter &amp;apos;browser&amp;apos; is required by BeforeTest on method launchBrowser but has not been marked @Optional or defined
in C:\Users\Suraj\AppData\Local\Temp\testng-eclipse--1180332979\testng-customsuite.xml">
      <![CDATA[org.testng.TestNGException: 
Parameter 'browser' is required by BeforeTest on method launchBrowser but has not been marked @Optional or defined
in C:\Users\Suraj\AppData\Local\Temp\testng-eclipse--1180332979\testng-customsuite.xml
at org.testng.internal.Parameters.createParams(Parameters.java:270)
at org.testng.internal.Parameters.createParametersForMethod(Parameters.java:358)
at org.testng.internal.Parameters.createParameters(Parameters.java:700)
at org.testng.internal.Parameters.createConfigurationParameters(Parameters.java:168)
at org.testng.internal.ConfigInvoker.invokeConfigurations(ConfigInvoker.java:302)
at org.testng.TestRunner.invokeTestConfigurations(TestRunner.java:637)
at org.testng.TestRunner.beforeRun(TestRunner.java:627)
at org.testng.TestRunner.run(TestRunner.java:589)
at org.testng.SuiteRunner.runTest(SuiteRunner.java:377)
at org.testng.SuiteRunner.runSequentially(SuiteRunner.java:371)
at org.testng.SuiteRunner.privateRun(SuiteRunner.java:332)
at org.testng.SuiteRunner.run(SuiteRunner.java:276)
at org.testng.SuiteRunnerWorker.runSuite(SuiteRunnerWorker.java:53)
at org.testng.SuiteRunnerWorker.run(SuiteRunnerWorker.java:96)
at org.testng.TestNG.runSuitesSequentially(TestNG.java:1212)
at org.testng.TestNG.runSuitesLocally(TestNG.java:1134)
at org.testng.TestNG.runSuites(TestNG.java:1063)
at org.testng.TestNG.run(TestNG.java:1031)
at org.testng.remote.AbstractRemoteTestNG.run(AbstractRemoteTestNG.java:115)
at org.testng.remote.RemoteTestNG.initAndRun(RemoteTestNG.java:251)
at org.testng.remote.RemoteTestNG.main(RemoteTestNG.java:77)
]]>
    </failure>
  </testcase> <!-- @BeforeTest launchBrowser -->
  <testcase classname="zerodhaTest.TestClass" name="@BeforeClass pomObjects" time="-1.659154059754E9">
    <skipped/>
  </testcase> <!-- @BeforeClass pomObjects -->
  <testcase classname="zerodhaTest.TestClass" name="@BeforeMethod launchLoginPage" time="-1.659154059811E9">
    <skipped/>
  </testcase> <!-- @BeforeMethod launchLoginPage -->
  <testcase classname="zerodhaTest.TestClass" name="@AfterMethod logoutPage" time="-1.659154059838E9">
    <skipped/>
  </testcase> <!-- @AfterMethod logoutPage -->
  <testcase classname="zerodhaTest.TestClass" name="@BeforeMethod launchLoginPage" time="-1.659154059868E9">
    <skipped/>
  </testcase> <!-- @BeforeMethod launchLoginPage -->
  <testcase classname="zerodhaTest.TestClass" name="@AfterMethod logoutPage" time="-1.659154059888E9">
    <skipped/>
  </testcase> <!-- @AfterMethod logoutPage -->
  <testcase classname="zerodhaTest.TestClass" name="@BeforeMethod launchLoginPage" time="-1.659154059896E9">
    <skipped/>
  </testcase> <!-- @BeforeMethod launchLoginPage -->
  <testcase classname="zerodhaTest.TestClass" name="@AfterMethod logoutPage" time="-1.659154059913E9">
    <skipped/>
  </testcase> <!-- @AfterMethod logoutPage -->
  <testcase classname="zerodhaTest.TestClass" name="@AfterClass closeObjects" time="-1.659154059918E9">
    <skipped/>
  </testcase> <!-- @AfterClass closeObjects -->
  <testcase classname="zerodhaTest.TestClass" name="@AfterTest closeBrowser" time="-1.659154059921E9">
    <skipped/>
  </testcase> <!-- @AfterTest closeBrowser -->
  <testcase classname="zerodhaTest.TestClass" name="testVerifyOrdersLink" time="0.0">
    <skipped/>
  </testcase> <!-- testVerifyOrdersLink -->
  <testcase classname="zerodhaTest.TestClass" name="testVerifyHoldingLink" time="0.0">
    <skipped/>
  </testcase> <!-- testVerifyHoldingLink -->
  <testcase classname="zerodhaTest.TestClass" name="testVerifyPositionLink" time="0.0">
    <skipped/>
  </testcase> <!-- testVerifyPositionLink -->
</testsuite> <!-- Default test -->
