<?xml version="1.0" encoding="UTF-8"?>
<!-- Generated by org.testng.reporters.JUnitXMLReporter -->
<testsuite ignored="0" hostname="DESKTOP-8EHPQI9" failures="0" tests="3" name="Default test(failed)(failed)(failed)" time="0.172" errors="0" timestamp="2022-07-28T10:43:29 IST">
  <testcase classname="zerodhaTest.TestClass" name="@BeforeTest launchBrowser" time="-1.658985209065E9">
    <failure type="org.testng.TestNGException" message="
Parameter &amp;apos;browser&amp;apos; is required by BeforeTest on method launchBrowser but has not been marked @Optional or defined
in C:\Users\Suraj\git\TestingInvestmentBanking-Project\zerodha\test-output\testng-failed.xml">
      <![CDATA[org.testng.TestNGException: 
Parameter 'browser' is required by BeforeTest on method launchBrowser but has not been marked @Optional or defined
in C:\Users\Suraj\git\TestingInvestmentBanking-Project\zerodha\test-output\testng-failed.xml
... Removed 21 stack frames]]>
    </failure>
  </testcase> <!-- @BeforeTest launchBrowser -->
  <testcase classname="zerodhaTest.TestClass" name="@BeforeClass pomObjects" time="-1.65898520912E9">
    <skipped/>
  </testcase> <!-- @BeforeClass pomObjects -->
  <testcase classname="zerodhaTest.TestClass" name="@BeforeMethod launchLoginPage" time="-1.658985209148E9">
    <skipped/>
  </testcase> <!-- @BeforeMethod launchLoginPage -->
  <testcase classname="zerodhaTest.TestClass" name="@AfterMethod logoutPage" time="-1.658985209162E9">
    <skipped/>
  </testcase> <!-- @AfterMethod logoutPage -->
  <testcase classname="zerodhaTest.TestClass" name="@BeforeMethod launchLoginPage" time="-1.658985209172E9">
    <skipped/>
  </testcase> <!-- @BeforeMethod launchLoginPage -->
  <testcase classname="zerodhaTest.TestClass" name="@AfterMethod logoutPage" time="-1.658985209196E9">
    <skipped/>
  </testcase> <!-- @AfterMethod logoutPage -->
  <testcase classname="zerodhaTest.TestClass" name="@BeforeMethod launchLoginPage" time="-1.658985209199E9">
    <skipped/>
  </testcase> <!-- @BeforeMethod launchLoginPage -->
  <testcase classname="zerodhaTest.TestClass" name="@AfterMethod logoutPage" time="-1.658985209214E9">
    <skipped/>
  </testcase> <!-- @AfterMethod logoutPage -->
  <testcase classname="zerodhaTest.TestClass" name="@AfterClass closeObjects" time="-1.658985209221E9">
    <skipped/>
  </testcase> <!-- @AfterClass closeObjects -->
  <testcase classname="zerodhaTest.TestClass" name="@AfterTest closeBrowser" time="-1.658985209223E9">
    <skipped/>
  </testcase> <!-- @AfterTest closeBrowser -->
  <testcase classname="zerodhaTest.TestClass" name="testVerifyOrdersLink" time="0.0">
    <skipped/>
  </testcase> <!-- testVerifyOrdersLink -->
  <testcase classname="zerodhaTest.TestClass" name="testVerifyHoldingLink" time="0.0">
    <skipped/>
  </testcase> <!-- testVerifyHoldingLink -->
  <testcase classname="zerodhaTest.TestClass" name="testVerifyPositionLink" time="0.0">
    <skipped/>
  </testcase> <!-- testVerifyPositionLink -->
</testsuite> <!-- Default test(failed)(failed)(failed) -->
