<?xml version="1.0" encoding="UTF-8"?>
<!-- Generated by org.testng.reporters.JUnitXMLReporter -->
<testsuite ignored="0" hostname="DESKTOP-8EHPQI9" failures="1" tests="3" name="ChromeTest" time="56.326" errors="0" timestamp="2022-08-07T10:04:01 IST">
  <testcase classname="zerodhaTest.TestClass" name="testVerifyOrdersLink" time="0.507">
    <failure type="java.lang.AssertionError" message="null">
      <![CDATA[java.lang.AssertionError: null
at zerodhaTest.TestClass.testVerifyOrdersLink(TestClass.java:73)
at java.base/java.util.ArrayList.forEach(ArrayList.java:1511)
... Removed 27 stack frames]]>
    </failure>
  </testcase> <!-- testVerifyOrdersLink -->
  <testcase classname="zerodhaTest.TestClass" name="testVerifyHoldingLink" time="0.439"/>
  <testcase classname="zerodhaTest.TestClass" name="testVerifyPositionLink" time="0.73"/>
</testsuite> <!-- ChromeTest -->
