<?xml version="1.0" encoding="UTF-8"?>
<!-- Generated by org.testng.reporters.JUnitXMLReporter -->
<testsuite ignored="0" hostname="DESKTOP-8EHPQI9" failures="1" tests="3" name="FirefoxTest" time="91.551" errors="0" timestamp="2022-08-07T10:05:33 IST">
  <testcase classname="zerodhaTest.TestClass" name="testVerifyOrdersLink" time="0.35">
    <failure type="java.lang.AssertionError" message="null">
      <![CDATA[java.lang.AssertionError: null
at zerodhaTest.TestClass.testVerifyOrdersLink(TestClass.java:73)
at java.base/java.util.ArrayList.forEach(ArrayList.java:1511)
... Removed 27 stack frames]]>
    </failure>
  </testcase> <!-- testVerifyOrdersLink -->
  <testcase classname="zerodhaTest.TestClass" name="testVerifyHoldingLink" time="0.343"/>
  <testcase classname="zerodhaTest.TestClass" name="testVerifyPositionLink" time="0.264"/>
</testsuite> <!-- FirefoxTest -->
